#-----------------------------------------------------------
# Vivado v2019.2 (64-bit)
# SW Build 2708876 on Wed Nov  6 21:40:23 MST 2019
# IP Build 2700528 on Thu Nov  7 00:09:20 MST 2019
# Start of session at: Wed Mar  1 20:44:15 2023
# Process ID: 26524
# Current directory: D:/Users/Hector/Desktop/Winter_2023/ECE_540/Labs/FinalProject/Vivado
# Command line: vivado.exe -gui_launcher_event rodinguilauncherevent26416 D:\Users\Hector\Desktop\Winter_2023\ECE_540\Labs\FinalProject\Vivado\Vivado.xpr
# Log file: D:/Users/Hector/Desktop/Winter_2023/ECE_540/Labs/FinalProject/Vivado/vivado.log
# Journal file: D:/Users/Hector/Desktop/Winter_2023/ECE_540/Labs/FinalProject/Vivado\vivado.jou
#-----------------------------------------------------------
start_gui
open_project D:/Users/Hector/Desktop/Winter_2023/ECE_540/Labs/FinalProject/Vivado/Vivado.xpr
Scanning sources...
Finished scanning sources
INFO: [IP_Flow 19-234] Refreshing IP repositories
INFO: [IP_Flow 19-1704] No user IP repositories specified
INFO: [IP_Flow 19-2313] Loaded Vivado IP repository 'C:/Xilinx/Vivado/2019.2/data/ip'.
open_project: Time (s): cpu = 00:00:12 ; elapsed = 00:00:06 . Memory (MB): peak = 825.012 ; gain = 185.289
WARNING: [filemgmt 56-315] Source scanning failed during design analysis. To get more details run synthesis or simulation and check the log.
update_compile_order -fileset sources_1
WARNING: [IP_Flow 19-4067] Ignoring invalid widget type specified checkbox.Providing a default widget
WARNING: [IP_Flow 19-4067] Ignoring invalid widget type specified checkbox.Providing a default widget
WARNING: [filemgmt 56-315] Source scanning failed during design analysis. To get more details run synthesis or simulation and check the log.
launch_runs impl_1 -to_step write_bitstream -jobs 8
[Wed Mar  1 20:50:20 2023] Launched synth_1...
Run output will be captured here: D:/Users/Hector/Desktop/Winter_2023/ECE_540/Labs/FinalProject/Vivado/Vivado.runs/synth_1/runme.log
[Wed Mar  1 20:50:20 2023] Launched impl_1...
Run output will be captured here: D:/Users/Hector/Desktop/Winter_2023/ECE_540/Labs/FinalProject/Vivado/Vivado.runs/impl_1/runme.log
CRITICAL WARNING: [Common 17-1649] The Vivado message database 'D:/Users/Hector/Desktop/Winter_2023/ECE_540/Labs/FinalProject/Vivado/Vivado.runs/synth_1/vivado.pb' contains 20540 messages. Restoring all messages from this message database will impact Vivado performance, so only WARNING, CRITICAL WARNING, and ERROR messages will be restored. To restore all messages from this file use the tcl command 'set_param messaging.loadPbLimit 20541' and re-open the project.
WARNING: [filemgmt 56-315] Source scanning failed during design analysis. To get more details run synthesis or simulation and check the log.
reset_run synth_1
launch_runs impl_1 -to_step write_bitstream -jobs 8
[Wed Mar  1 21:22:26 2023] Launched synth_1...
Run output will be captured here: D:/Users/Hector/Desktop/Winter_2023/ECE_540/Labs/FinalProject/Vivado/Vivado.runs/synth_1/runme.log
[Wed Mar  1 21:22:27 2023] Launched impl_1...
Run output will be captured here: D:/Users/Hector/Desktop/Winter_2023/ECE_540/Labs/FinalProject/Vivado/Vivado.runs/impl_1/runme.log
CRITICAL WARNING: [Common 17-1649] The Vivado message database 'D:/Users/Hector/Desktop/Winter_2023/ECE_540/Labs/FinalProject/Vivado/Vivado.runs/synth_1/vivado.pb' contains 20539 messages. Restoring all messages from this message database will impact Vivado performance, so only WARNING, CRITICAL WARNING, and ERROR messages will be restored. To restore all messages from this file use the tcl command 'set_param messaging.loadPbLimit 20540' and re-open the project.
WARNING: [filemgmt 56-315] Source scanning failed during design analysis. To get more details run synthesis or simulation and check the log.
reset_run synth_1
launch_runs impl_1 -to_step write_bitstream -jobs 8
[Wed Mar  1 22:02:18 2023] Launched synth_1...
Run output will be captured here: D:/Users/Hector/Desktop/Winter_2023/ECE_540/Labs/FinalProject/Vivado/Vivado.runs/synth_1/runme.log
[Wed Mar  1 22:02:18 2023] Launched impl_1...
Run output will be captured here: D:/Users/Hector/Desktop/Winter_2023/ECE_540/Labs/FinalProject/Vivado/Vivado.runs/impl_1/runme.log
reset_run synth_1 -prev_step 
WARNING: [filemgmt 56-315] Source scanning failed during design analysis. To get more details run synthesis or simulation and check the log.
launch_runs impl_1 -to_step write_bitstream -jobs 8
[Wed Mar  1 22:04:37 2023] Launched synth_1...
Run output will be captured here: D:/Users/Hector/Desktop/Winter_2023/ECE_540/Labs/FinalProject/Vivado/Vivado.runs/synth_1/runme.log
[Wed Mar  1 22:04:37 2023] Launched impl_1...
Run output will be captured here: D:/Users/Hector/Desktop/Winter_2023/ECE_540/Labs/FinalProject/Vivado/Vivado.runs/impl_1/runme.log
CRITICAL WARNING: [Common 17-1649] The Vivado message database 'D:/Users/Hector/Desktop/Winter_2023/ECE_540/Labs/FinalProject/Vivado/Vivado.runs/synth_1/vivado.pb' contains 20539 messages. Restoring all messages from this message database will impact Vivado performance, so only WARNING, CRITICAL WARNING, and ERROR messages will be restored. To restore all messages from this file use the tcl command 'set_param messaging.loadPbLimit 20540' and re-open the project.
WARNING: [filemgmt 56-315] Source scanning failed during design analysis. To get more details run synthesis or simulation and check the log.
reset_run synth_1
launch_runs impl_1 -to_step write_bitstream -jobs 8
[Wed Mar  1 22:43:28 2023] Launched synth_1...
Run output will be captured here: D:/Users/Hector/Desktop/Winter_2023/ECE_540/Labs/FinalProject/Vivado/Vivado.runs/synth_1/runme.log
[Wed Mar  1 22:43:28 2023] Launched impl_1...
Run output will be captured here: D:/Users/Hector/Desktop/Winter_2023/ECE_540/Labs/FinalProject/Vivado/Vivado.runs/impl_1/runme.log
reset_run synth_1 -prev_step 
WARNING: [filemgmt 56-315] Source scanning failed during design analysis. To get more details run synthesis or simulation and check the log.
WARNING: [IP_Flow 19-4067] Ignoring invalid widget type specified checkbox.Providing a default widget
WARNING: [IP_Flow 19-4067] Ignoring invalid widget type specified checkbox.Providing a default widget
launch_runs impl_1 -to_step write_bitstream -jobs 8
[Wed Mar  1 22:50:29 2023] Launched synth_1...
Run output will be captured here: D:/Users/Hector/Desktop/Winter_2023/ECE_540/Labs/FinalProject/Vivado/Vivado.runs/synth_1/runme.log
[Wed Mar  1 22:50:29 2023] Launched impl_1...
Run output will be captured here: D:/Users/Hector/Desktop/Winter_2023/ECE_540/Labs/FinalProject/Vivado/Vivado.runs/impl_1/runme.log
CRITICAL WARNING: [Common 17-1649] The Vivado message database 'D:/Users/Hector/Desktop/Winter_2023/ECE_540/Labs/FinalProject/Vivado/Vivado.runs/synth_1/vivado.pb' contains 20538 messages. Restoring all messages from this message database will impact Vivado performance, so only WARNING, CRITICAL WARNING, and ERROR messages will be restored. To restore all messages from this file use the tcl command 'set_param messaging.loadPbLimit 20539' and re-open the project.
WARNING: [IP_Flow 19-4067] Ignoring invalid widget type specified checkbox.Providing a default widget
WARNING: [IP_Flow 19-4067] Ignoring invalid widget type specified checkbox.Providing a default widget
WARNING: [filemgmt 56-315] Source scanning failed during design analysis. To get more details run synthesis or simulation and check the log.
reset_run synth_1
launch_runs impl_1 -to_step write_bitstream -jobs 8
[Thu Mar  2 10:01:33 2023] Launched synth_1...
Run output will be captured here: D:/Users/Hector/Desktop/Winter_2023/ECE_540/Labs/FinalProject/Vivado/Vivado.runs/synth_1/runme.log
[Thu Mar  2 10:01:33 2023] Launched impl_1...
Run output will be captured here: D:/Users/Hector/Desktop/Winter_2023/ECE_540/Labs/FinalProject/Vivado/Vivado.runs/impl_1/runme.log
reset_run synth_1
WARNING: [filemgmt 56-315] Source scanning failed during design analysis. To get more details run synthesis or simulation and check the log.
launch_runs impl_1 -to_step write_bitstream -jobs 8
[Thu Mar  2 10:08:18 2023] Launched synth_1...
Run output will be captured here: D:/Users/Hector/Desktop/Winter_2023/ECE_540/Labs/FinalProject/Vivado/Vivado.runs/synth_1/runme.log
[Thu Mar  2 10:08:19 2023] Launched impl_1...
Run output will be captured here: D:/Users/Hector/Desktop/Winter_2023/ECE_540/Labs/FinalProject/Vivado/Vivado.runs/impl_1/runme.log
CRITICAL WARNING: [Common 17-1649] The Vivado message database 'D:/Users/Hector/Desktop/Winter_2023/ECE_540/Labs/FinalProject/Vivado/Vivado.runs/synth_1/vivado.pb' contains 20538 messages. Restoring all messages from this message database will impact Vivado performance, so only WARNING, CRITICAL WARNING, and ERROR messages will be restored. To restore all messages from this file use the tcl command 'set_param messaging.loadPbLimit 20539' and re-open the project.
WARNING: [filemgmt 56-315] Source scanning failed during design analysis. To get more details run synthesis or simulation and check the log.
WARNING: [IP_Flow 19-4067] Ignoring invalid widget type specified checkbox.Providing a default widget
WARNING: [IP_Flow 19-4067] Ignoring invalid widget type specified checkbox.Providing a default widget
reset_run synth_1
launch_runs impl_1 -to_step write_bitstream -jobs 8
[Thu Mar  2 11:04:49 2023] Launched synth_1...
Run output will be captured here: D:/Users/Hector/Desktop/Winter_2023/ECE_540/Labs/FinalProject/Vivado/Vivado.runs/synth_1/runme.log
[Thu Mar  2 11:04:49 2023] Launched impl_1...
Run output will be captured here: D:/Users/Hector/Desktop/Winter_2023/ECE_540/Labs/FinalProject/Vivado/Vivado.runs/impl_1/runme.log
CRITICAL WARNING: [Common 17-1649] The Vivado message database 'D:/Users/Hector/Desktop/Winter_2023/ECE_540/Labs/FinalProject/Vivado/Vivado.runs/synth_1/vivado.pb' contains 20536 messages. Restoring all messages from this message database will impact Vivado performance, so only WARNING, CRITICAL WARNING, and ERROR messages will be restored. To restore all messages from this file use the tcl command 'set_param messaging.loadPbLimit 20537' and re-open the project.
WARNING: [filemgmt 56-315] Source scanning failed during design analysis. To get more details run synthesis or simulation and check the log.
WARNING: [filemgmt 56-315] Source scanning failed during design analysis. To get more details run synthesis or simulation and check the log.
reset_run synth_1
launch_runs impl_1 -to_step write_bitstream -jobs 8
[Thu Mar  2 11:36:58 2023] Launched synth_1...
Run output will be captured here: D:/Users/Hector/Desktop/Winter_2023/ECE_540/Labs/FinalProject/Vivado/Vivado.runs/synth_1/runme.log
[Thu Mar  2 11:36:58 2023] Launched impl_1...
Run output will be captured here: D:/Users/Hector/Desktop/Winter_2023/ECE_540/Labs/FinalProject/Vivado/Vivado.runs/impl_1/runme.log
CRITICAL WARNING: [Common 17-1649] The Vivado message database 'D:/Users/Hector/Desktop/Winter_2023/ECE_540/Labs/FinalProject/Vivado/Vivado.runs/synth_1/vivado.pb' contains 20538 messages. Restoring all messages from this message database will impact Vivado performance, so only WARNING, CRITICAL WARNING, and ERROR messages will be restored. To restore all messages from this file use the tcl command 'set_param messaging.loadPbLimit 20539' and re-open the project.
WARNING: [filemgmt 56-315] Source scanning failed during design analysis. To get more details run synthesis or simulation and check the log.
reset_run synth_1
launch_runs impl_1 -to_step write_bitstream -jobs 8
[Thu Mar  2 12:11:33 2023] Launched synth_1...
Run output will be captured here: D:/Users/Hector/Desktop/Winter_2023/ECE_540/Labs/FinalProject/Vivado/Vivado.runs/synth_1/runme.log
[Thu Mar  2 12:11:33 2023] Launched impl_1...
Run output will be captured here: D:/Users/Hector/Desktop/Winter_2023/ECE_540/Labs/FinalProject/Vivado/Vivado.runs/impl_1/runme.log
CRITICAL WARNING: [Common 17-1649] The Vivado message database 'D:/Users/Hector/Desktop/Winter_2023/ECE_540/Labs/FinalProject/Vivado/Vivado.runs/synth_1/vivado.pb' contains 20538 messages. Restoring all messages from this message database will impact Vivado performance, so only WARNING, CRITICAL WARNING, and ERROR messages will be restored. To restore all messages from this file use the tcl command 'set_param messaging.loadPbLimit 20539' and re-open the project.
WARNING: [filemgmt 56-315] Source scanning failed during design analysis. To get more details run synthesis or simulation and check the log.
exit
INFO: [Common 17-206] Exiting Vivado at Thu Mar  2 16:59:18 2023...
