#-----------------------------------------------------------
# Vivado v2019.2 (64-bit)
# SW Build 2708876 on Wed Nov  6 21:40:23 MST 2019
# IP Build 2700528 on Thu Nov  7 00:09:20 MST 2019
# Start of session at: Wed Mar  8 15:39:05 2023
# Process ID: 31136
# Current directory: D:/Users/Hector/Desktop/Winter_2023/ECE_540/Labs/FinalProject/Vivado
# Command line: vivado.exe -gui_launcher_event rodinguilauncherevent12400 D:\Users\Hector\Desktop\Winter_2023\ECE_540\Labs\FinalProject\Vivado\Vivado.xpr
# Log file: D:/Users/Hector/Desktop/Winter_2023/ECE_540/Labs/FinalProject/Vivado/vivado.log
# Journal file: D:/Users/Hector/Desktop/Winter_2023/ECE_540/Labs/FinalProject/Vivado\vivado.jou
#-----------------------------------------------------------
start_gui
open_project D:/Users/Hector/Desktop/Winter_2023/ECE_540/Labs/FinalProject/Vivado/Vivado.xpr
CRITICAL WARNING: [Project 1-19] Could not find the file 'D:/Users/Hector/Desktop/Winter_2023/ECE_540/Labs/FinalProject/tower/pic4.coe'.
Scanning sources...
Finished scanning sources
INFO: [IP_Flow 19-234] Refreshing IP repositories
INFO: [IP_Flow 19-1704] No user IP repositories specified
INFO: [IP_Flow 19-2313] Loaded Vivado IP repository 'C:/Xilinx/Vivado/2019.2/data/ip'.
CRITICAL WARNING: [Common 17-1649] The Vivado message database 'D:/Users/Hector/Desktop/Winter_2023/ECE_540/Labs/FinalProject/Vivado/Vivado.runs/synth_1/vivado.pb' contains 20538 messages. Restoring all messages from this message database will impact Vivado performance, so only WARNING, CRITICAL WARNING, and ERROR messages will be restored. To restore all messages from this file use the tcl command 'set_param messaging.loadPbLimit 20539' and re-open the project.
open_project: Time (s): cpu = 00:00:17 ; elapsed = 00:00:10 . Memory (MB): peak = 878.023 ; gain = 239.551
WARNING: [filemgmt 56-315] Source scanning failed during design analysis. To get more details run synthesis or simulation and check the log.
update_compile_order -fileset sources_1
WARNING: [IP_Flow 19-4067] Ignoring invalid widget type specified checkbox.Providing a default widget
WARNING: [IP_Flow 19-4067] Ignoring invalid widget type specified checkbox.Providing a default widget
WARNING: [filemgmt 56-315] Source scanning failed during design analysis. To get more details run synthesis or simulation and check the log.
WARNING: [filemgmt 56-315] Source scanning failed during design analysis. To get more details run synthesis or simulation and check the log.
exit
INFO: [Common 17-206] Exiting Vivado at Wed Mar  8 15:46:40 2023...
