#-----------------------------------------------------------
# Vivado v2019.2 (64-bit)
# SW Build 2708876 on Wed Nov  6 21:40:23 MST 2019
# IP Build 2700528 on Thu Nov  7 00:09:20 MST 2019
# Start of session at: Thu Mar  9 18:09:35 2023
# Process ID: 11296
# Current directory: D:/Users/Hector/Desktop/Winter_2023/ECE_540/Labs/FinalProject/Vivado
# Command line: vivado.exe -gui_launcher_event rodinguilauncherevent32204 D:\Users\Hector\Desktop\Winter_2023\ECE_540\Labs\FinalProject\Vivado\Vivado.xpr
# Log file: D:/Users/Hector/Desktop/Winter_2023/ECE_540/Labs/FinalProject/Vivado/vivado.log
# Journal file: D:/Users/Hector/Desktop/Winter_2023/ECE_540/Labs/FinalProject/Vivado\vivado.jou
#-----------------------------------------------------------
start_gui
open_project D:/Users/Hector/Desktop/Winter_2023/ECE_540/Labs/FinalProject/Vivado/Vivado.xpr
CRITICAL WARNING: [Project 1-19] Could not find the file 'D:/Users/Hector/Desktop/Winter_2023/ECE_540/Labs/FinalProject/tower/pic4.coe'.
Scanning sources...
Finished scanning sources
INFO: [IP_Flow 19-234] Refreshing IP repositories
INFO: [IP_Flow 19-1704] No user IP repositories specified
INFO: [IP_Flow 19-2313] Loaded Vivado IP repository 'C:/Xilinx/Vivado/2019.2/data/ip'.
CRITICAL WARNING: [Common 17-1649] The Vivado message database 'D:/Users/Hector/Desktop/Winter_2023/ECE_540/Labs/FinalProject/Vivado/Vivado.runs/synth_1/vivado.pb' contains 20538 messages. Restoring all messages from this message database will impact Vivado performance, so only WARNING, CRITICAL WARNING, and ERROR messages will be restored. To restore all messages from this file use the tcl command 'set_param messaging.loadPbLimit 20539' and re-open the project.
open_project: Time (s): cpu = 00:00:16 ; elapsed = 00:00:07 . Memory (MB): peak = 860.004 ; gain = 222.168
set_property source_mgmt_mode None [current_project]
reset_target all [get_files  D:/Users/Hector/Desktop/Winter_2023/ECE_540/Labs/FinalProject/Vivado/Vivado.srcs/sources_1/ip/clk_10m/clk_10m.xci]
export_ip_user_files -of_objects  [get_files  D:/Users/Hector/Desktop/Winter_2023/ECE_540/Labs/FinalProject/Vivado/Vivado.srcs/sources_1/ip/clk_10m/clk_10m.xci] -sync -no_script -force -quiet
delete_ip_run [get_files -of_objects [get_fileset clk_10m] D:/Users/Hector/Desktop/Winter_2023/ECE_540/Labs/FinalProject/Vivado/Vivado.srcs/sources_1/ip/clk_10m/clk_10m.xci]
INFO: [Project 1-386] Moving file 'D:/Users/Hector/Desktop/Winter_2023/ECE_540/Labs/FinalProject/Vivado/Vivado.srcs/sources_1/ip/clk_10m/clk_10m.xci' from fileset 'clk_10m' to fileset 'sources_1'.
generate_target all [get_files  D:/Users/Hector/Desktop/Winter_2023/ECE_540/Labs/FinalProject/Vivado/Vivado.srcs/sources_1/ip/clk_10m/clk_10m.xci]
INFO: [IP_Flow 19-1686] Generating 'Instantiation Template' target for IP 'clk_10m'...
INFO: [IP_Flow 19-1686] Generating 'Synthesis' target for IP 'clk_10m'...
INFO: [IP_Flow 19-1686] Generating 'Simulation' target for IP 'clk_10m'...
INFO: [IP_Flow 19-1686] Generating 'Implementation' target for IP 'clk_10m'...
INFO: [IP_Flow 19-1686] Generating 'Change Log' target for IP 'clk_10m'...
catch { config_ip_cache -export [get_ips -all clk_10m] }
INFO: [IP_Flow 19-4993] Using cached IP synthesis design for IP clk_10m, cache-ID = de3b824a2b26e3c1; cache size = 5.761 MB.
export_ip_user_files -of_objects [get_files D:/Users/Hector/Desktop/Winter_2023/ECE_540/Labs/FinalProject/Vivado/Vivado.srcs/sources_1/ip/clk_10m/clk_10m.xci] -no_script -sync -force -quiet
create_ip_run [get_files -of_objects [get_fileset sources_1] D:/Users/Hector/Desktop/Winter_2023/ECE_540/Labs/FinalProject/Vivado/Vivado.srcs/sources_1/ip/clk_10m/clk_10m.xci]
INFO: [Vivado 12-3453] The given sub-design is up-to-date, no action was taken.  If a run is still desired, use the '-force' option for the file:'D:/Users/Hector/Desktop/Winter_2023/ECE_540/Labs/FinalProject/Vivado/Vivado.srcs/sources_1/ip/clk_10m/clk_10m.xci'
export_simulation -of_objects [get_files D:/Users/Hector/Desktop/Winter_2023/ECE_540/Labs/FinalProject/Vivado/Vivado.srcs/sources_1/ip/clk_10m/clk_10m.xci] -directory D:/Users/Hector/Desktop/Winter_2023/ECE_540/Labs/FinalProject/Vivado/Vivado.ip_user_files/sim_scripts -ip_user_files_dir D:/Users/Hector/Desktop/Winter_2023/ECE_540/Labs/FinalProject/Vivado/Vivado.ip_user_files -ipstatic_source_dir D:/Users/Hector/Desktop/Winter_2023/ECE_540/Labs/FinalProject/Vivado/Vivado.ip_user_files/ipstatic -lib_map_path [list {modelsim=D:/Users/Hector/Desktop/Winter_2023/ECE_540/Labs/FinalProject/Vivado/Vivado.cache/compile_simlib/modelsim} {questa=D:/Users/Hector/Desktop/Winter_2023/ECE_540/Labs/FinalProject/Vivado/Vivado.cache/compile_simlib/questa} {riviera=D:/Users/Hector/Desktop/Winter_2023/ECE_540/Labs/FinalProject/Vivado/Vivado.cache/compile_simlib/riviera} {activehdl=D:/Users/Hector/Desktop/Winter_2023/ECE_540/Labs/FinalProject/Vivado/Vivado.cache/compile_simlib/activehdl}] -use_ip_compiled_libs -force -quiet
