#-----------------------------------------------------------
# Vivado v2019.2 (64-bit)
# SW Build 2708876 on Wed Nov  6 21:40:23 MST 2019
# IP Build 2700528 on Thu Nov  7 00:09:20 MST 2019
# Start of session at: Mon Mar  6 21:54:48 2023
# Process ID: 32036
# Current directory: D:/Users/Hector/Desktop/Winter_2023/ECE_540/Labs/FinalProject/Vivado
# Command line: vivado.exe -gui_launcher_event rodinguilauncherevent25692 D:\Users\Hector\Desktop\Winter_2023\ECE_540\Labs\FinalProject\Vivado\Vivado.xpr
# Log file: D:/Users/Hector/Desktop/Winter_2023/ECE_540/Labs/FinalProject/Vivado/vivado.log
# Journal file: D:/Users/Hector/Desktop/Winter_2023/ECE_540/Labs/FinalProject/Vivado\vivado.jou
#-----------------------------------------------------------
start_gui
open_project D:/Users/Hector/Desktop/Winter_2023/ECE_540/Labs/FinalProject/Vivado/Vivado.xpr
Scanning sources...
Finished scanning sources
INFO: [IP_Flow 19-234] Refreshing IP repositories
INFO: [IP_Flow 19-1704] No user IP repositories specified
INFO: [IP_Flow 19-2313] Loaded Vivado IP repository 'C:/Xilinx/Vivado/2019.2/data/ip'.
CRITICAL WARNING: [Common 17-1649] The Vivado message database 'D:/Users/Hector/Desktop/Winter_2023/ECE_540/Labs/FinalProject/Vivado/Vivado.runs/synth_1/vivado.pb' contains 20538 messages. Restoring all messages from this message database will impact Vivado performance, so only WARNING, CRITICAL WARNING, and ERROR messages will be restored. To restore all messages from this file use the tcl command 'set_param messaging.loadPbLimit 20539' and re-open the project.
open_project: Time (s): cpu = 00:00:16 ; elapsed = 00:00:12 . Memory (MB): peak = 844.680 ; gain = 177.398
WARNING: [filemgmt 56-315] Source scanning failed during design analysis. To get more details run synthesis or simulation and check the log.
update_compile_order -fileset sources_1
WARNING: [IP_Flow 19-4067] Ignoring invalid widget type specified checkbox.Providing a default widget
WARNING: [IP_Flow 19-4067] Ignoring invalid widget type specified checkbox.Providing a default widget
WARNING: [filemgmt 56-315] Source scanning failed during design analysis. To get more details run synthesis or simulation and check the log.
WARNING: [filemgmt 56-315] Source scanning failed during design analysis. To get more details run synthesis or simulation and check the log.
WARNING: [filemgmt 56-315] Source scanning failed during design analysis. To get more details run synthesis or simulation and check the log.
create_ip -name dist_mem_gen -vendor xilinx.com -library ip -version 8.0 -module_name ROM_Player -dir d:/Users/Hector/Desktop/Winter_2023/ECE_540/Labs/FinalProject/Vivado/Vivado.srcs/sources_1/ip
set_property -dict [list CONFIG.depth {256} CONFIG.Component_Name {ROM_Player} CONFIG.memory_type {rom}] [get_ips ROM_Player]
WARNING: [Vivado 12-3523] Attempt to change 'Component_Name' from 'ROM_Player' to 'ROM_Player' is not allowed and is ignored.
generate_target {instantiation_template} [get_files d:/Users/Hector/Desktop/Winter_2023/ECE_540/Labs/FinalProject/Vivado/Vivado.srcs/sources_1/ip/ROM_Player/ROM_Player.xci]
INFO: [IP_Flow 19-1686] Generating 'Instantiation Template' target for IP 'ROM_Player'...
update_compile_order -fileset sources_1
generate_target all [get_files  d:/Users/Hector/Desktop/Winter_2023/ECE_540/Labs/FinalProject/Vivado/Vivado.srcs/sources_1/ip/ROM_Player/ROM_Player.xci]
INFO: [IP_Flow 19-1686] Generating 'Synthesis' target for IP 'ROM_Player'...
INFO: [IP_Flow 19-1686] Generating 'Simulation' target for IP 'ROM_Player'...
INFO: [IP_Flow 19-1686] Generating 'Change Log' target for IP 'ROM_Player'...
catch { config_ip_cache -export [get_ips -all ROM_Player] }
export_ip_user_files -of_objects [get_files d:/Users/Hector/Desktop/Winter_2023/ECE_540/Labs/FinalProject/Vivado/Vivado.srcs/sources_1/ip/ROM_Player/ROM_Player.xci] -no_script -sync -force -quiet
create_ip_run [get_files -of_objects [get_fileset sources_1] d:/Users/Hector/Desktop/Winter_2023/ECE_540/Labs/FinalProject/Vivado/Vivado.srcs/sources_1/ip/ROM_Player/ROM_Player.xci]
launch_runs -jobs 8 ROM_Player_synth_1
[Mon Mar  6 22:20:31 2023] Launched ROM_Player_synth_1...
Run output will be captured here: D:/Users/Hector/Desktop/Winter_2023/ECE_540/Labs/FinalProject/Vivado/Vivado.runs/ROM_Player_synth_1/runme.log
export_simulation -of_objects [get_files d:/Users/Hector/Desktop/Winter_2023/ECE_540/Labs/FinalProject/Vivado/Vivado.srcs/sources_1/ip/ROM_Player/ROM_Player.xci] -directory D:/Users/Hector/Desktop/Winter_2023/ECE_540/Labs/FinalProject/Vivado/Vivado.ip_user_files/sim_scripts -ip_user_files_dir D:/Users/Hector/Desktop/Winter_2023/ECE_540/Labs/FinalProject/Vivado/Vivado.ip_user_files -ipstatic_source_dir D:/Users/Hector/Desktop/Winter_2023/ECE_540/Labs/FinalProject/Vivado/Vivado.ip_user_files/ipstatic -lib_map_path [list {modelsim=D:/Users/Hector/Desktop/Winter_2023/ECE_540/Labs/FinalProject/Vivado/Vivado.cache/compile_simlib/modelsim} {questa=D:/Users/Hector/Desktop/Winter_2023/ECE_540/Labs/FinalProject/Vivado/Vivado.cache/compile_simlib/questa} {riviera=D:/Users/Hector/Desktop/Winter_2023/ECE_540/Labs/FinalProject/Vivado/Vivado.cache/compile_simlib/riviera} {activehdl=D:/Users/Hector/Desktop/Winter_2023/ECE_540/Labs/FinalProject/Vivado/Vivado.cache/compile_simlib/activehdl}] -use_ip_compiled_libs -force -quiet
WARNING: [filemgmt 56-315] Source scanning failed during design analysis. To get more details run synthesis or simulation and check the log.
create_ip -name dist_mem_gen -vendor xilinx.com -library ip -version 8.0 -module_name ROM_PlayerFlying -dir d:/Users/Hector/Desktop/Winter_2023/ECE_540/Labs/FinalProject/Vivado/Vivado.srcs/sources_1/ip
set_property -dict [list CONFIG.depth {256} CONFIG.Component_Name {ROM_PlayerFlying} CONFIG.memory_type {rom} CONFIG.coefficient_file {D:/Users/Hector/Desktop/Winter_2023/ECE_540/Labs/FinalProject/tower/PlayerFlying.coe}] [get_ips ROM_PlayerFlying]
WARNING: [Vivado 12-3523] Attempt to change 'Component_Name' from 'ROM_PlayerFlying' to 'ROM_PlayerFlying' is not allowed and is ignored.
INFO: [IP_Flow 19-3484] Absolute path of file 'd:/Users/Hector/Desktop/Winter_2023/ECE_540/Labs/FinalProject/tower/PlayerFlying.coe' provided. It will be converted relative to IP Instance files '../../../../../tower/PlayerFlying.coe'
generate_target {instantiation_template} [get_files d:/Users/Hector/Desktop/Winter_2023/ECE_540/Labs/FinalProject/Vivado/Vivado.srcs/sources_1/ip/ROM_PlayerFlying/ROM_PlayerFlying.xci]
INFO: [IP_Flow 19-1686] Generating 'Instantiation Template' target for IP 'ROM_PlayerFlying'...
generate_target all [get_files  d:/Users/Hector/Desktop/Winter_2023/ECE_540/Labs/FinalProject/Vivado/Vivado.srcs/sources_1/ip/ROM_PlayerFlying/ROM_PlayerFlying.xci]
INFO: [IP_Flow 19-1686] Generating 'Synthesis' target for IP 'ROM_PlayerFlying'...
INFO: [IP_Flow 19-1686] Generating 'Simulation' target for IP 'ROM_PlayerFlying'...
INFO: [IP_Flow 19-1686] Generating 'Change Log' target for IP 'ROM_PlayerFlying'...
catch { config_ip_cache -export [get_ips -all ROM_PlayerFlying] }
export_ip_user_files -of_objects [get_files d:/Users/Hector/Desktop/Winter_2023/ECE_540/Labs/FinalProject/Vivado/Vivado.srcs/sources_1/ip/ROM_PlayerFlying/ROM_PlayerFlying.xci] -no_script -sync -force -quiet
create_ip_run [get_files -of_objects [get_fileset sources_1] d:/Users/Hector/Desktop/Winter_2023/ECE_540/Labs/FinalProject/Vivado/Vivado.srcs/sources_1/ip/ROM_PlayerFlying/ROM_PlayerFlying.xci]
launch_runs -jobs 8 ROM_PlayerFlying_synth_1
[Mon Mar  6 22:24:35 2023] Launched ROM_PlayerFlying_synth_1...
Run output will be captured here: D:/Users/Hector/Desktop/Winter_2023/ECE_540/Labs/FinalProject/Vivado/Vivado.runs/ROM_PlayerFlying_synth_1/runme.log
export_simulation -of_objects [get_files d:/Users/Hector/Desktop/Winter_2023/ECE_540/Labs/FinalProject/Vivado/Vivado.srcs/sources_1/ip/ROM_PlayerFlying/ROM_PlayerFlying.xci] -directory D:/Users/Hector/Desktop/Winter_2023/ECE_540/Labs/FinalProject/Vivado/Vivado.ip_user_files/sim_scripts -ip_user_files_dir D:/Users/Hector/Desktop/Winter_2023/ECE_540/Labs/FinalProject/Vivado/Vivado.ip_user_files -ipstatic_source_dir D:/Users/Hector/Desktop/Winter_2023/ECE_540/Labs/FinalProject/Vivado/Vivado.ip_user_files/ipstatic -lib_map_path [list {modelsim=D:/Users/Hector/Desktop/Winter_2023/ECE_540/Labs/FinalProject/Vivado/Vivado.cache/compile_simlib/modelsim} {questa=D:/Users/Hector/Desktop/Winter_2023/ECE_540/Labs/FinalProject/Vivado/Vivado.cache/compile_simlib/questa} {riviera=D:/Users/Hector/Desktop/Winter_2023/ECE_540/Labs/FinalProject/Vivado/Vivado.cache/compile_simlib/riviera} {activehdl=D:/Users/Hector/Desktop/Winter_2023/ECE_540/Labs/FinalProject/Vivado/Vivado.cache/compile_simlib/activehdl}] -use_ip_compiled_libs -force -quiet
set_property -dict [list CONFIG.coefficient_file {D:/Users/Hector/Desktop/Winter_2023/ECE_540/Labs/FinalProject/tower/Player.coe}] [get_ips ROM_Player]
INFO: [IP_Flow 19-3484] Absolute path of file 'd:/Users/Hector/Desktop/Winter_2023/ECE_540/Labs/FinalProject/tower/Player.coe' provided. It will be converted relative to IP Instance files '../../../../../tower/Player.coe'
generate_target all [get_files  d:/Users/Hector/Desktop/Winter_2023/ECE_540/Labs/FinalProject/Vivado/Vivado.srcs/sources_1/ip/ROM_Player/ROM_Player.xci]
INFO: [IP_Flow 19-1686] Generating 'Instantiation Template' target for IP 'ROM_Player'...
INFO: [IP_Flow 19-1686] Generating 'Synthesis' target for IP 'ROM_Player'...
INFO: [IP_Flow 19-1686] Generating 'Simulation' target for IP 'ROM_Player'...
INFO: [IP_Flow 19-1686] Generating 'Change Log' target for IP 'ROM_Player'...
catch { config_ip_cache -export [get_ips -all ROM_Player] }
export_ip_user_files -of_objects [get_files d:/Users/Hector/Desktop/Winter_2023/ECE_540/Labs/FinalProject/Vivado/Vivado.srcs/sources_1/ip/ROM_Player/ROM_Player.xci] -no_script -sync -force -quiet
reset_run ROM_Player_synth_1
WARNING: [Vivado 12-1017] Problems encountered:
1. Failed to delete one or more files in run directory D:/Users/Hector/Desktop/Winter_2023/ECE_540/Labs/FinalProject/Vivado/Vivado.runs/ROM_Player_synth_1

launch_runs -jobs 8 ROM_Player_synth_1
[Mon Mar  6 22:25:03 2023] Launched ROM_Player_synth_1...
Run output will be captured here: D:/Users/Hector/Desktop/Winter_2023/ECE_540/Labs/FinalProject/Vivado/Vivado.runs/ROM_Player_synth_1/runme.log
export_simulation -of_objects [get_files d:/Users/Hector/Desktop/Winter_2023/ECE_540/Labs/FinalProject/Vivado/Vivado.srcs/sources_1/ip/ROM_Player/ROM_Player.xci] -directory D:/Users/Hector/Desktop/Winter_2023/ECE_540/Labs/FinalProject/Vivado/Vivado.ip_user_files/sim_scripts -ip_user_files_dir D:/Users/Hector/Desktop/Winter_2023/ECE_540/Labs/FinalProject/Vivado/Vivado.ip_user_files -ipstatic_source_dir D:/Users/Hector/Desktop/Winter_2023/ECE_540/Labs/FinalProject/Vivado/Vivado.ip_user_files/ipstatic -lib_map_path [list {modelsim=D:/Users/Hector/Desktop/Winter_2023/ECE_540/Labs/FinalProject/Vivado/Vivado.cache/compile_simlib/modelsim} {questa=D:/Users/Hector/Desktop/Winter_2023/ECE_540/Labs/FinalProject/Vivado/Vivado.cache/compile_simlib/questa} {riviera=D:/Users/Hector/Desktop/Winter_2023/ECE_540/Labs/FinalProject/Vivado/Vivado.cache/compile_simlib/riviera} {activehdl=D:/Users/Hector/Desktop/Winter_2023/ECE_540/Labs/FinalProject/Vivado/Vivado.cache/compile_simlib/activehdl}] -use_ip_compiled_libs -force -quiet
WARNING: [filemgmt 56-315] Source scanning failed during design analysis. To get more details run synthesis or simulation and check the log.
WARNING: [filemgmt 56-315] Source scanning failed during design analysis. To get more details run synthesis or simulation and check the log.
create_ip -name dist_mem_gen -vendor xilinx.com -library ip -version 8.0 -module_name ROM_PlayerBullet -dir d:/Users/Hector/Desktop/Winter_2023/ECE_540/Labs/FinalProject/Vivado/Vivado.srcs/sources_1/ip
set_property -dict [list CONFIG.depth {256} CONFIG.Component_Name {ROM_PlayerBullet} CONFIG.memory_type {rom} CONFIG.coefficient_file {D:/Users/Hector/Desktop/Winter_2023/ECE_540/Labs/FinalProject/tower/PlayerBullet.coe}] [get_ips ROM_PlayerBullet]
WARNING: [Vivado 12-3523] Attempt to change 'Component_Name' from 'ROM_PlayerBullet' to 'ROM_PlayerBullet' is not allowed and is ignored.
INFO: [IP_Flow 19-3484] Absolute path of file 'd:/Users/Hector/Desktop/Winter_2023/ECE_540/Labs/FinalProject/tower/PlayerBullet.coe' provided. It will be converted relative to IP Instance files '../../../../../tower/PlayerBullet.coe'
generate_target {instantiation_template} [get_files d:/Users/Hector/Desktop/Winter_2023/ECE_540/Labs/FinalProject/Vivado/Vivado.srcs/sources_1/ip/ROM_PlayerBullet/ROM_PlayerBullet.xci]
INFO: [IP_Flow 19-1686] Generating 'Instantiation Template' target for IP 'ROM_PlayerBullet'...
generate_target all [get_files  d:/Users/Hector/Desktop/Winter_2023/ECE_540/Labs/FinalProject/Vivado/Vivado.srcs/sources_1/ip/ROM_PlayerBullet/ROM_PlayerBullet.xci]
INFO: [IP_Flow 19-1686] Generating 'Synthesis' target for IP 'ROM_PlayerBullet'...
INFO: [IP_Flow 19-1686] Generating 'Simulation' target for IP 'ROM_PlayerBullet'...
INFO: [IP_Flow 19-1686] Generating 'Change Log' target for IP 'ROM_PlayerBullet'...
catch { config_ip_cache -export [get_ips -all ROM_PlayerBullet] }
export_ip_user_files -of_objects [get_files d:/Users/Hector/Desktop/Winter_2023/ECE_540/Labs/FinalProject/Vivado/Vivado.srcs/sources_1/ip/ROM_PlayerBullet/ROM_PlayerBullet.xci] -no_script -sync -force -quiet
create_ip_run [get_files -of_objects [get_fileset sources_1] d:/Users/Hector/Desktop/Winter_2023/ECE_540/Labs/FinalProject/Vivado/Vivado.srcs/sources_1/ip/ROM_PlayerBullet/ROM_PlayerBullet.xci]
launch_runs -jobs 8 ROM_PlayerBullet_synth_1
[Mon Mar  6 22:28:53 2023] Launched ROM_PlayerBullet_synth_1...
Run output will be captured here: D:/Users/Hector/Desktop/Winter_2023/ECE_540/Labs/FinalProject/Vivado/Vivado.runs/ROM_PlayerBullet_synth_1/runme.log
export_simulation -of_objects [get_files d:/Users/Hector/Desktop/Winter_2023/ECE_540/Labs/FinalProject/Vivado/Vivado.srcs/sources_1/ip/ROM_PlayerBullet/ROM_PlayerBullet.xci] -directory D:/Users/Hector/Desktop/Winter_2023/ECE_540/Labs/FinalProject/Vivado/Vivado.ip_user_files/sim_scripts -ip_user_files_dir D:/Users/Hector/Desktop/Winter_2023/ECE_540/Labs/FinalProject/Vivado/Vivado.ip_user_files -ipstatic_source_dir D:/Users/Hector/Desktop/Winter_2023/ECE_540/Labs/FinalProject/Vivado/Vivado.ip_user_files/ipstatic -lib_map_path [list {modelsim=D:/Users/Hector/Desktop/Winter_2023/ECE_540/Labs/FinalProject/Vivado/Vivado.cache/compile_simlib/modelsim} {questa=D:/Users/Hector/Desktop/Winter_2023/ECE_540/Labs/FinalProject/Vivado/Vivado.cache/compile_simlib/questa} {riviera=D:/Users/Hector/Desktop/Winter_2023/ECE_540/Labs/FinalProject/Vivado/Vivado.cache/compile_simlib/riviera} {activehdl=D:/Users/Hector/Desktop/Winter_2023/ECE_540/Labs/FinalProject/Vivado/Vivado.cache/compile_simlib/activehdl}] -use_ip_compiled_libs -force -quiet
WARNING: [filemgmt 56-315] Source scanning failed during design analysis. To get more details run synthesis or simulation and check the log.
WARNING: [filemgmt 56-315] Source scanning failed during design analysis. To get more details run synthesis or simulation and check the log.
exit
INFO: [Common 17-206] Exiting Vivado at Wed Mar  8 10:40:56 2023...
